/Applications/CLion.app/Contents/bin/cmake/mac/bin/cmake -DCMAKE_BUILD_TYPE=Debug -DCMAKE_MAKE_PROGRAM=/Applications/CLion.app/Contents/bin/ninja/mac/ninja -DCMAKE_C_COMPILER=/usr/bin/cc -DCMAKE_CXX_COMPILER=/usr/bin/c++ -G Ninja -S "/Users/ernest/Desktop/2 Projects/2.1 Current Projects/2.1.4 Mini Arm/arm/3 Firmware/STM32F1-Driver-FW" -B "/Users/ernest/Desktop/2 Projects/2.1 Current Projects/2.1.4 Mini Arm/arm/3 Firmware/STM32F1-Driver-FW/cmake-build-debug"
-- The CXX compiler identification is GNU 13.2.1
-- The ASM compiler identification is GNU
-- Found assembler: /opt/homebrew/bin/arm-none-eabi-gcc
-- Detecting CXX compiler ABI info
-- Detecting CXX compiler ABI info - failed
-- Check for working CXX compiler: /opt/homebrew/bin/arm-none-eabi-g++
-- Check for working CXX compiler: /opt/homebrew/bin/arm-none-eabi-g++ - broken
CMake Error at /Applications/CLion.app/Contents/bin/cmake/mac/share/cmake-3.24/Modules/CMakeTestCXXCompiler.cmake:62 (message):
  The C++ compiler

    "/opt/homebrew/bin/arm-none-eabi-g++"

  is not able to compile a simple test program.

  It fails with the following output:

    Change Dir: /Users/ernest/Desktop/2 Projects/2.1 Current Projects/2.1.4 Mini Arm/arm/3 Firmware/STM32F1-Driver-FW/cmake-build-debug/CMakeFiles/CMakeTmp
    
    Run Build Command(s):/Applications/CLion.app/Contents/bin/ninja/mac/ninja cmTC_703a7 && [1/2] Building CXX object CMakeFiles/cmTC_703a7.dir/testCXXCompiler.cxx.obj
    FAILED: CMakeFiles/cmTC_703a7.dir/testCXXCompiler.cxx.obj 
    /opt/homebrew/bin/arm-none-eabi-g++   -ftree-vectorize -fPIC -fPIE -fstack-protector-strong -O2 -pipe -stdlib=libc++ -fvisibility-inlines-hidden -fmessage-length=0 -isystem /Users/ernest/miniconda3/include  -fdiagnostics-color=always -o CMakeFiles/cmTC_703a7.dir/testCXXCompiler.cxx.obj -c '/Users/ernest/Desktop/2 Projects/2.1 Current Projects/2.1.4 Mini Arm/arm/3 Firmware/STM32F1-Driver-FW/cmake-build-debug/CMakeFiles/CMakeTmp/testCXXCompiler.cxx'
    arm-none-eabi-g++: error: unrecognized command-line option '-stdlib=libc++'
    ninja: build stopped: subcommand failed.
    
    

  

  CMake will not be able to correctly generate this project.
Call Stack (most recent call first):
  CMakeLists.txt:17 (project)


-- Configuring incomplete, errors occurred!
See also "/Users/ernest/Desktop/2 Projects/2.1 Current Projects/2.1.4 Mini Arm/arm/3 Firmware/STM32F1-Driver-FW/cmake-build-debug/CMakeFiles/CMakeOutput.log".
See also "/Users/ernest/Desktop/2 Projects/2.1 Current Projects/2.1.4 Mini Arm/arm/3 Firmware/STM32F1-Driver-FW/cmake-build-debug/CMakeFiles/CMakeError.log".
You have changed variables that require your cache to be deleted.
Configure will be re-run and you may have to reset some variables.
The following variables have changed:
CMAKE_C_COMPILER= /usr/bin/cc

-- Generating done
CMake Generate step failed.  Build files cannot be regenerated correctly.
