/Applications/CLion.app/Contents/bin/cmake/mac/bin/cmake -DCMAKE_BUILD_TYPE=Debug -DCMAKE_MAKE_PROGRAM=/Users/ernest/miniconda3/bin/make -G "CodeBlocks - Unix Makefiles" -S /Users/ernest/STM32CubeIDE/workspace_1.15.0/new -B /Users/ernest/STM32CubeIDE/workspace_1.15.0/new/cmake-build-debug
-- The C compiler identification is GNU 13.2.1
-- The CXX compiler identification is GNU 13.2.1
-- The ASM compiler identification is GNU
-- Found assembler: /opt/homebrew/bin/arm-none-eabi-gcc
-- Detecting C compiler ABI info
-- Detecting C compiler ABI info - done
-- Check for working C compiler: /opt/homebrew/bin/arm-none-eabi-gcc - skipped
-- Detecting C compile features
-- Detecting C compile features - done
-- Detecting CXX compiler ABI info
-- Detecting CXX compiler ABI info - failed
-- Check for working CXX compiler: /opt/homebrew/bin/arm-none-eabi-g++
-- Check for working CXX compiler: /opt/homebrew/bin/arm-none-eabi-g++ - broken
CMake Error at /Applications/CLion.app/Contents/bin/cmake/mac/share/cmake-3.24/Modules/CMakeTestCXXCompiler.cmake:62 (message):
  The C++ compiler

    "/opt/homebrew/bin/arm-none-eabi-g++"

  is not able to compile a simple test program.

  It fails with the following output:

    Change Dir: /Users/ernest/STM32CubeIDE/workspace_1.15.0/new/cmake-build-debug/CMakeFiles/CMakeTmp
    
    Run Build Command(s):/Users/ernest/miniconda3/bin/make -f Makefile cmTC_94bcc/fast && /Users/ernest/miniconda3/bin/make  -f CMakeFiles/cmTC_94bcc.dir/build.make CMakeFiles/cmTC_94bcc.dir/build
    make[1]: Entering directory '/Users/ernest/STM32CubeIDE/workspace_1.15.0/new/cmake-build-debug/CMakeFiles/CMakeTmp'
    Building CXX object CMakeFiles/cmTC_94bcc.dir/testCXXCompiler.cxx.obj
    /opt/homebrew/bin/arm-none-eabi-g++   -ftree-vectorize -fPIC -fPIE -fstack-protector-strong -O2 -pipe -stdlib=libc++ -fvisibility-inlines-hidden -fmessage-length=0 -isystem /Users/ernest/miniconda3/include  -fdiagnostics-color=always -o CMakeFiles/cmTC_94bcc.dir/testCXXCompiler.cxx.obj -c /Users/ernest/STM32CubeIDE/workspace_1.15.0/new/cmake-build-debug/CMakeFiles/CMakeTmp/testCXXCompiler.cxx
    arm-none-eabi-g++: error: unrecognized command-line option '-stdlib=libc++'
    make[1]: *** [CMakeFiles/cmTC_94bcc.dir/build.make:78: CMakeFiles/cmTC_94bcc.dir/testCXXCompiler.cxx.obj] Error 1
    make[1]: Leaving directory '/Users/ernest/STM32CubeIDE/workspace_1.15.0/new/cmake-build-debug/CMakeFiles/CMakeTmp'
    make: *** [Makefile:127: cmTC_94bcc/fast] Error 2
    
    

  

  CMake will not be able to correctly generate this project.
Call Stack (most recent call first):
  CMakeLists.txt:17 (project)


-- Configuring incomplete, errors occurred!
See also "/Users/ernest/STM32CubeIDE/workspace_1.15.0/new/cmake-build-debug/CMakeFiles/CMakeOutput.log".
See also "/Users/ernest/STM32CubeIDE/workspace_1.15.0/new/cmake-build-debug/CMakeFiles/CMakeError.log".
